Determining if the C compiler works failed with the following output:
Change Dir: C:/Users/Rimo/Code/程序设计/apple/cmake-build-debug/CMakeFiles/CMakeTmp

Run Build Command(s):C:/MinGW/mingw64/bin/mingw32-make.exe cmTC_57036/fast && C:/MinGW/mingw64/bin/mingw32-make.exe -f CMakeFiles\cmTC_57036.dir\build.make CMakeFiles/cmTC_57036.dir/build
mingw32-make.exe[1]: Entering directory 'C:/Users/Rimo/Code/程序设计/apple/cmake-build-debug/CMakeFiles/CMakeTmp'
Building C object CMakeFiles/cmTC_57036.dir/testCCompiler.c.obj
C:\MinGW\mingw64\bin\gcc.exe    -o CMakeFiles\cmTC_57036.dir\testCCompiler.c.obj   -c C:\Users\Rimo\Code\绋嬪簭璁捐\apple\cmake-build-debug\CMakeFiles\CMakeTmp\testCCompiler.c
gcc.exe: error: C:\Users\Rimo\Code\绋嬪簭璁捐\apple\cmake-build-debug\CMakeFiles\CMakeTmp\testCCompiler.c: No such file or directory
gcc.exe: fatal error: no input files
compilation terminated.
mingw32-make.exe[1]: *** [CMakeFiles\cmTC_57036.dir\build.make:65: CMakeFiles/cmTC_57036.dir/testCCompiler.c.obj] Error 1
mingw32-make.exe[1]: Leaving directory 'C:/Users/Rimo/Code/程序设计/apple/cmake-build-debug/CMakeFiles/CMakeTmp'
mingw32-make.exe: *** [Makefile:120: cmTC_57036/fast] Error 2



Determining if the C compiler works failed with the following output:
Change Dir: C:/Users/Rimo/Code/程序设计/apple/cmake-build-debug/CMakeFiles/CMakeTmp

Run Build Command(s):C:/MinGW/mingw64/bin/mingw32-make.exe cmTC_962c6/fast && C:/MinGW/mingw64/bin/mingw32-make.exe -f CMakeFiles\cmTC_962c6.dir\build.make CMakeFiles/cmTC_962c6.dir/build
mingw32-make.exe[1]: Entering directory 'C:/Users/Rimo/Code/程序设计/apple/cmake-build-debug/CMakeFiles/CMakeTmp'
Building C object CMakeFiles/cmTC_962c6.dir/testCCompiler.c.obj
C:\MinGW\mingw64\bin\gcc.exe    -o CMakeFiles\cmTC_962c6.dir\testCCompiler.c.obj   -c C:\Users\Rimo\Code\绋嬪簭璁捐\apple\cmake-build-debug\CMakeFiles\CMakeTmp\testCCompiler.c
gcc.exe: error: C:\Users\Rimo\Code\绋嬪簭璁捐\apple\cmake-build-debug\CMakeFiles\CMakeTmp\testCCompiler.c: No such file or directory
gcc.exe: fatal error: no input files
compilation terminated.
mingw32-make.exe[1]: *** [CMakeFiles\cmTC_962c6.dir\build.make:65: CMakeFiles/cmTC_962c6.dir/testCCompiler.c.obj] Error 1
mingw32-make.exe[1]: Leaving directory 'C:/Users/Rimo/Code/程序设计/apple/cmake-build-debug/CMakeFiles/CMakeTmp'
mingw32-make.exe: *** [Makefile:120: cmTC_962c6/fast] Error 2



Determining if the C compiler works failed with the following output:
Change Dir: C:/Users/Rimo/Code/程序设计/apple/cmake-build-debug/CMakeFiles/CMakeTmp

Run Build Command(s):C:/MinGW/mingw64/bin/mingw32-make.exe cmTC_bf26d/fast && C:/MinGW/mingw64/bin/mingw32-make.exe -f CMakeFiles\cmTC_bf26d.dir\build.make CMakeFiles/cmTC_bf26d.dir/build
mingw32-make.exe[1]: Entering directory 'C:/Users/Rimo/Code/程序设计/apple/cmake-build-debug/CMakeFiles/CMakeTmp'
Building C object CMakeFiles/cmTC_bf26d.dir/testCCompiler.c.obj
C:\MinGW\mingw64\bin\gcc.exe    -o CMakeFiles\cmTC_bf26d.dir\testCCompiler.c.obj   -c C:\Users\Rimo\Code\绋嬪簭璁捐\apple\cmake-build-debug\CMakeFiles\CMakeTmp\testCCompiler.c
gcc.exe: error: C:\Users\Rimo\Code\绋嬪簭璁捐\apple\cmake-build-debug\CMakeFiles\CMakeTmp\testCCompiler.c: No such file or directory
gcc.exe: fatal error: no input files
compilation terminated.
mingw32-make.exe[1]: *** [CMakeFiles\cmTC_bf26d.dir\build.make:65: CMakeFiles/cmTC_bf26d.dir/testCCompiler.c.obj] Error 1
mingw32-make.exe[1]: Leaving directory 'C:/Users/Rimo/Code/程序设计/apple/cmake-build-debug/CMakeFiles/CMakeTmp'
mingw32-make.exe: *** [Makefile:120: cmTC_bf26d/fast] Error 2



